<?xml version="1.0" encoding="UTF-8"?>
<testsuite xmlns:xsi="http://www.w3.org/2001/XMLSchema-instance" xsi:noNamespaceSchemaLocation="https://maven.apache.org/surefire/maven-surefire-plugin/xsd/surefire-test-report-3.0.xsd" version="3.0" name="com.mms.SbMmsAngularApplicationTests" time="7.073" tests="1" errors="0" skipped="0" failures="0">
  <properties>
    <property name="java.specification.version" value="17"/>
    <property name="sun.cpu.isalist" value="amd64"/>
    <property name="sonar.login" value="sqp_7b72d74e1e03bbcd22da9fb1b94a85d1597eacde"/>
    <property name="sonar.host.url" value="http://localhost:9000"/>
    <property name="sun.jnu.encoding" value="Cp1252"/>
    <property name="java.class.path" value="F:\Eclipse workspace\SB-MMS-Angular\target\test-classes;F:\Eclipse workspace\SB-MMS-Angular\target\classes;C:\Users\sankarasathasivam.m\.m2\repository\org\springframework\boot\spring-boot-starter-data-jpa\3.2.0\spring-boot-starter-data-jpa-3.2.0.jar;C:\Users\sankarasathasivam.m\.m2\repository\org\springframework\boot\spring-boot-starter-aop\3.2.0\spring-boot-starter-aop-3.2.0.jar;C:\Users\sankarasathasivam.m\.m2\repository\org\springframework\spring-aop\6.1.1\spring-aop-6.1.1.jar;C:\Users\sankarasathasivam.m\.m2\repository\org\aspectj\aspectjweaver\1.9.20.1\aspectjweaver-1.9.20.1.jar;C:\Users\sankarasathasivam.m\.m2\repository\org\springframework\boot\spring-boot-starter-jdbc\3.2.0\spring-boot-starter-jdbc-3.2.0.jar;C:\Users\sankarasathasivam.m\.m2\repository\com\zaxxer\HikariCP\5.0.1\HikariCP-5.0.1.jar;C:\Users\sankarasathasivam.m\.m2\repository\org\springframework\spring-jdbc\6.1.1\spring-jdbc-6.1.1.jar;C:\Users\sankarasathasivam.m\.m2\repository\org\hibernate\orm\hibernate-core\6.3.1.Final\hibernate-core-6.3.1.Final.jar;C:\Users\sankarasathasivam.m\.m2\repository\jakarta\persistence\jakarta.persistence-api\3.1.0\jakarta.persistence-api-3.1.0.jar;C:\Users\sankarasathasivam.m\.m2\repository\jakarta\transaction\jakarta.transaction-api\2.0.1\jakarta.transaction-api-2.0.1.jar;C:\Users\sankarasathasivam.m\.m2\repository\org\jboss\logging\jboss-logging\3.5.3.Final\jboss-logging-3.5.3.Final.jar;C:\Users\sankarasathasivam.m\.m2\repository\org\hibernate\common\hibernate-commons-annotations\6.0.6.Final\hibernate-commons-annotations-6.0.6.Final.jar;C:\Users\sankarasathasivam.m\.m2\repository\io\smallrye\jandex\3.1.2\jandex-3.1.2.jar;C:\Users\sankarasathasivam.m\.m2\repository\com\fasterxml\classmate\1.6.0\classmate-1.6.0.jar;C:\Users\sankarasathasivam.m\.m2\repository\net\bytebuddy\byte-buddy\1.14.10\byte-buddy-1.14.10.jar;C:\Users\sankarasathasivam.m\.m2\repository\org\glassfish\jaxb\jaxb-runtime\4.0.4\jaxb-runtime-4.0.4.jar;C:\Users\sankarasathasivam.m\.m2\repository\org\glassfish\jaxb\jaxb-core\4.0.4\jaxb-core-4.0.4.jar;C:\Users\sankarasathasivam.m\.m2\repository\org\glassfish\jaxb\txw2\4.0.4\txw2-4.0.4.jar;C:\Users\sankarasathasivam.m\.m2\repository\com\sun\istack\istack-commons-runtime\4.1.2\istack-commons-runtime-4.1.2.jar;C:\Users\sankarasathasivam.m\.m2\repository\jakarta\inject\jakarta.inject-api\2.0.1\jakarta.inject-api-2.0.1.jar;C:\Users\sankarasathasivam.m\.m2\repository\org\antlr\antlr4-runtime\4.10.1\antlr4-runtime-4.10.1.jar;C:\Users\sankarasathasivam.m\.m2\repository\org\springframework\data\spring-data-jpa\3.2.0\spring-data-jpa-3.2.0.jar;C:\Users\sankarasathasivam.m\.m2\repository\org\springframework\data\spring-data-commons\3.2.0\spring-data-commons-3.2.0.jar;C:\Users\sankarasathasivam.m\.m2\repository\org\springframework\spring-orm\6.1.1\spring-orm-6.1.1.jar;C:\Users\sankarasathasivam.m\.m2\repository\org\springframework\spring-context\6.1.1\spring-context-6.1.1.jar;C:\Users\sankarasathasivam.m\.m2\repository\org\springframework\spring-tx\6.1.1\spring-tx-6.1.1.jar;C:\Users\sankarasathasivam.m\.m2\repository\org\springframework\spring-beans\6.1.1\spring-beans-6.1.1.jar;C:\Users\sankarasathasivam.m\.m2\repository\org\slf4j\slf4j-api\2.0.9\slf4j-api-2.0.9.jar;C:\Users\sankarasathasivam.m\.m2\repository\org\springframework\spring-aspects\6.1.1\spring-aspects-6.1.1.jar;C:\Users\sankarasathasivam.m\.m2\repository\org\springframework\boot\spring-boot-starter-jersey\3.2.0\spring-boot-starter-jersey-3.2.0.jar;C:\Users\sankarasathasivam.m\.m2\repository\org\springframework\boot\spring-boot-starter-json\3.2.0\spring-boot-starter-json-3.2.0.jar;C:\Users\sankarasathasivam.m\.m2\repository\com\fasterxml\jackson\core\jackson-databind\2.15.3\jackson-databind-2.15.3.jar;C:\Users\sankarasathasivam.m\.m2\repository\com\fasterxml\jackson\core\jackson-core\2.15.3\jackson-core-2.15.3.jar;C:\Users\sankarasathasivam.m\.m2\repository\com\fasterxml\jackson\datatype\jackson-datatype-jdk8\2.15.3\jackson-datatype-jdk8-2.15.3.jar;C:\Users\sankarasathasivam.m\.m2\repository\com\fasterxml\jackson\datatype\jackson-datatype-jsr310\2.15.3\jackson-datatype-jsr310-2.15.3.jar;C:\Users\sankarasathasivam.m\.m2\repository\com\fasterxml\jackson\module\jackson-module-parameter-names\2.15.3\jackson-module-parameter-names-2.15.3.jar;C:\Users\sankarasathasivam.m\.m2\repository\org\springframework\boot\spring-boot-starter-validation\3.2.0\spring-boot-starter-validation-3.2.0.jar;C:\Users\sankarasathasivam.m\.m2\repository\org\hibernate\validator\hibernate-validator\8.0.1.Final\hibernate-validator-8.0.1.Final.jar;C:\Users\sankarasathasivam.m\.m2\repository\org\springframework\spring-web\6.1.1\spring-web-6.1.1.jar;C:\Users\sankarasathasivam.m\.m2\repository\io\micrometer\micrometer-observation\1.12.0\micrometer-observation-1.12.0.jar;C:\Users\sankarasathasivam.m\.m2\repository\io\micrometer\micrometer-commons\1.12.0\micrometer-commons-1.12.0.jar;C:\Users\sankarasathasivam.m\.m2\repository\org\glassfish\jersey\containers\jersey-container-servlet-core\3.1.3\jersey-container-servlet-core-3.1.3.jar;C:\Users\sankarasathasivam.m\.m2\repository\org\glassfish\jersey\core\jersey-common\3.1.3\jersey-common-3.1.3.jar;C:\Users\sankarasathasivam.m\.m2\repository\org\glassfish\hk2\osgi-resource-locator\1.0.3\osgi-resource-locator-1.0.3.jar;C:\Users\sankarasathasivam.m\.m2\repository\jakarta\ws\rs\jakarta.ws.rs-api\3.1.0\jakarta.ws.rs-api-3.1.0.jar;C:\Users\sankarasathasivam.m\.m2\repository\org\glassfish\jersey\containers\jersey-container-servlet\3.1.3\jersey-container-servlet-3.1.3.jar;C:\Users\sankarasathasivam.m\.m2\repository\org\glassfish\jersey\core\jersey-server\3.1.3\jersey-server-3.1.3.jar;C:\Users\sankarasathasivam.m\.m2\repository\org\glassfish\jersey\core\jersey-client\3.1.3\jersey-client-3.1.3.jar;C:\Users\sankarasathasivam.m\.m2\repository\jakarta\validation\jakarta.validation-api\3.0.2\jakarta.validation-api-3.0.2.jar;C:\Users\sankarasathasivam.m\.m2\repository\org\glassfish\jersey\ext\jersey-bean-validation\3.1.3\jersey-bean-validation-3.1.3.jar;C:\Users\sankarasathasivam.m\.m2\repository\org\glassfish\jersey\ext\jersey-spring6\3.1.3\jersey-spring6-3.1.3.jar;C:\Users\sankarasathasivam.m\.m2\repository\org\glassfish\jersey\inject\jersey-hk2\3.1.3\jersey-hk2-3.1.3.jar;C:\Users\sankarasathasivam.m\.m2\repository\org\glassfish\hk2\hk2-locator\3.0.4\hk2-locator-3.0.4.jar;C:\Users\sankarasathasivam.m\.m2\repository\org\glassfish\hk2\external\aopalliance-repackaged\3.0.4\aopalliance-repackaged-3.0.4.jar;C:\Users\sankarasathasivam.m\.m2\repository\org\javassist\javassist\3.29.2-GA\javassist-3.29.2-GA.jar;C:\Users\sankarasathasivam.m\.m2\repository\org\glassfish\hk2\hk2\3.0.4\hk2-3.0.4.jar;C:\Users\sankarasathasivam.m\.m2\repository\org\glassfish\hk2\hk2-utils\3.0.4\hk2-utils-3.0.4.jar;C:\Users\sankarasathasivam.m\.m2\repository\org\glassfish\hk2\hk2-api\3.0.4\hk2-api-3.0.4.jar;C:\Users\sankarasathasivam.m\.m2\repository\org\glassfish\hk2\hk2-core\3.0.4\hk2-core-3.0.4.jar;C:\Users\sankarasathasivam.m\.m2\repository\org\glassfish\hk2\hk2-runlevel\3.0.4\hk2-runlevel-3.0.4.jar;C:\Users\sankarasathasivam.m\.m2\repository\org\glassfish\hk2\class-model\3.0.4\class-model-3.0.4.jar;C:\Users\sankarasathasivam.m\.m2\repository\org\ow2\asm\asm-analysis\9.5\asm-analysis-9.5.jar;C:\Users\sankarasathasivam.m\.m2\repository\org\ow2\asm\asm-commons\9.5\asm-commons-9.5.jar;C:\Users\sankarasathasivam.m\.m2\repository\org\ow2\asm\asm-tree\9.5\asm-tree-9.5.jar;C:\Users\sankarasathasivam.m\.m2\repository\org\ow2\asm\asm-util\9.5\asm-util-9.5.jar;C:\Users\sankarasathasivam.m\.m2\repository\org\glassfish\hk2\spring-bridge\3.0.4\spring-bridge-3.0.4.jar;C:\Users\sankarasathasivam.m\.m2\repository\org\glassfish\jersey\media\jersey-media-json-jackson\3.1.3\jersey-media-json-jackson-3.1.3.jar;C:\Users\sankarasathasivam.m\.m2\repository\org\glassfish\jersey\ext\jersey-entity-filtering\3.1.3\jersey-entity-filtering-3.1.3.jar;C:\Users\sankarasathasivam.m\.m2\repository\com\fasterxml\jackson\core\jackson-annotations\2.15.3\jackson-annotations-2.15.3.jar;C:\Users\sankarasathasivam.m\.m2\repository\com\fasterxml\jackson\module\jackson-module-jakarta-xmlbind-annotations\2.15.3\jackson-module-jakarta-xmlbind-annotations-2.15.3.jar;C:\Users\sankarasathasivam.m\.m2\repository\org\springframework\boot\spring-boot-starter-web\3.2.0\spring-boot-starter-web-3.2.0.jar;C:\Users\sankarasathasivam.m\.m2\repository\org\springframework\boot\spring-boot-starter\3.2.0\spring-boot-starter-3.2.0.jar;C:\Users\sankarasathasivam.m\.m2\repository\org\springframework\boot\spring-boot-starter-logging\3.2.0\spring-boot-starter-logging-3.2.0.jar;C:\Users\sankarasathasivam.m\.m2\repository\ch\qos\logback\logback-classic\1.4.11\logback-classic-1.4.11.jar;C:\Users\sankarasathasivam.m\.m2\repository\ch\qos\logback\logback-core\1.4.11\logback-core-1.4.11.jar;C:\Users\sankarasathasivam.m\.m2\repository\org\apache\logging\log4j\log4j-to-slf4j\2.21.1\log4j-to-slf4j-2.21.1.jar;C:\Users\sankarasathasivam.m\.m2\repository\org\apache\logging\log4j\log4j-api\2.21.1\log4j-api-2.21.1.jar;C:\Users\sankarasathasivam.m\.m2\repository\org\slf4j\jul-to-slf4j\2.0.9\jul-to-slf4j-2.0.9.jar;C:\Users\sankarasathasivam.m\.m2\repository\org\yaml\snakeyaml\2.2\snakeyaml-2.2.jar;C:\Users\sankarasathasivam.m\.m2\repository\org\springframework\spring-webmvc\6.1.1\spring-webmvc-6.1.1.jar;C:\Users\sankarasathasivam.m\.m2\repository\org\springframework\spring-expression\6.1.1\spring-expression-6.1.1.jar;C:\Users\sankarasathasivam.m\.m2\repository\org\springframework\boot\spring-boot-starter-web-services\3.2.0\spring-boot-starter-web-services-3.2.0.jar;C:\Users\sankarasathasivam.m\.m2\repository\com\sun\xml\messaging\saaj\saaj-impl\3.0.3\saaj-impl-3.0.3.jar;C:\Users\sankarasathasivam.m\.m2\repository\jakarta\xml\soap\jakarta.xml.soap-api\3.0.1\jakarta.xml.soap-api-3.0.1.jar;C:\Users\sankarasathasivam.m\.m2\repository\org\jvnet\staxex\stax-ex\2.1.0\stax-ex-2.1.0.jar;C:\Users\sankarasathasivam.m\.m2\repository\jakarta\activation\jakarta.activation-api\2.1.2\jakarta.activation-api-2.1.2.jar;C:\Users\sankarasathasivam.m\.m2\repository\org\eclipse\angus\angus-activation\2.0.1\angus-activation-2.0.1.jar;C:\Users\sankarasathasivam.m\.m2\repository\jakarta\xml\ws\jakarta.xml.ws-api\4.0.1\jakarta.xml.ws-api-4.0.1.jar;C:\Users\sankarasathasivam.m\.m2\repository\org\springframework\spring-oxm\6.1.1\spring-oxm-6.1.1.jar;C:\Users\sankarasathasivam.m\.m2\repository\org\springframework\ws\spring-ws-core\4.0.8\spring-ws-core-4.0.8.jar;C:\Users\sankarasathasivam.m\.m2\repository\org\springframework\ws\spring-xml\4.0.8\spring-xml-4.0.8.jar;C:\Users\sankarasathasivam.m\.m2\repository\org\springframework\boot\spring-boot-devtools\3.2.0\spring-boot-devtools-3.2.0.jar;C:\Users\sankarasathasivam.m\.m2\repository\org\springframework\boot\spring-boot\3.2.0\spring-boot-3.2.0.jar;C:\Users\sankarasathasivam.m\.m2\repository\org\springframework\boot\spring-boot-autoconfigure\3.2.0\spring-boot-autoconfigure-3.2.0.jar;C:\Users\sankarasathasivam.m\.m2\repository\com\h2database\h2\2.2.224\h2-2.2.224.jar;C:\Users\sankarasathasivam.m\.m2\repository\com\mysql\mysql-connector-j\8.1.0\mysql-connector-j-8.1.0.jar;C:\Users\sankarasathasivam.m\.m2\repository\org\springframework\boot\spring-boot-starter-tomcat\3.2.0\spring-boot-starter-tomcat-3.2.0.jar;C:\Users\sankarasathasivam.m\.m2\repository\jakarta\annotation\jakarta.annotation-api\2.1.1\jakarta.annotation-api-2.1.1.jar;C:\Users\sankarasathasivam.m\.m2\repository\org\apache\tomcat\embed\tomcat-embed-core\10.1.16\tomcat-embed-core-10.1.16.jar;C:\Users\sankarasathasivam.m\.m2\repository\org\apache\tomcat\embed\tomcat-embed-el\10.1.16\tomcat-embed-el-10.1.16.jar;C:\Users\sankarasathasivam.m\.m2\repository\org\apache\tomcat\embed\tomcat-embed-websocket\10.1.16\tomcat-embed-websocket-10.1.16.jar;C:\Users\sankarasathasivam.m\.m2\repository\org\springframework\boot\spring-boot-starter-test\3.2.0\spring-boot-starter-test-3.2.0.jar;C:\Users\sankarasathasivam.m\.m2\repository\org\springframework\boot\spring-boot-test\3.2.0\spring-boot-test-3.2.0.jar;C:\Users\sankarasathasivam.m\.m2\repository\org\springframework\boot\spring-boot-test-autoconfigure\3.2.0\spring-boot-test-autoconfigure-3.2.0.jar;C:\Users\sankarasathasivam.m\.m2\repository\com\jayway\jsonpath\json-path\2.8.0\json-path-2.8.0.jar;C:\Users\sankarasathasivam.m\.m2\repository\jakarta\xml\bind\jakarta.xml.bind-api\4.0.1\jakarta.xml.bind-api-4.0.1.jar;C:\Users\sankarasathasivam.m\.m2\repository\net\minidev\json-smart\2.5.0\json-smart-2.5.0.jar;C:\Users\sankarasathasivam.m\.m2\repository\net\minidev\accessors-smart\2.5.0\accessors-smart-2.5.0.jar;C:\Users\sankarasathasivam.m\.m2\repository\org\ow2\asm\asm\9.3\asm-9.3.jar;C:\Users\sankarasathasivam.m\.m2\repository\org\assertj\assertj-core\3.24.2\assertj-core-3.24.2.jar;C:\Users\sankarasathasivam.m\.m2\repository\org\awaitility\awaitility\4.2.0\awaitility-4.2.0.jar;C:\Users\sankarasathasivam.m\.m2\repository\org\hamcrest\hamcrest\2.2\hamcrest-2.2.jar;C:\Users\sankarasathasivam.m\.m2\repository\org\junit\jupiter\junit-jupiter\5.10.1\junit-jupiter-5.10.1.jar;C:\Users\sankarasathasivam.m\.m2\repository\org\junit\jupiter\junit-jupiter-api\5.10.1\junit-jupiter-api-5.10.1.jar;C:\Users\sankarasathasivam.m\.m2\repository\org\opentest4j\opentest4j\1.3.0\opentest4j-1.3.0.jar;C:\Users\sankarasathasivam.m\.m2\repository\org\junit\platform\junit-platform-commons\1.10.1\junit-platform-commons-1.10.1.jar;C:\Users\sankarasathasivam.m\.m2\repository\org\apiguardian\apiguardian-api\1.1.2\apiguardian-api-1.1.2.jar;C:\Users\sankarasathasivam.m\.m2\repository\org\junit\jupiter\junit-jupiter-params\5.10.1\junit-jupiter-params-5.10.1.jar;C:\Users\sankarasathasivam.m\.m2\repository\org\junit\jupiter\junit-jupiter-engine\5.10.1\junit-jupiter-engine-5.10.1.jar;C:\Users\sankarasathasivam.m\.m2\repository\org\junit\platform\junit-platform-engine\1.10.1\junit-platform-engine-1.10.1.jar;C:\Users\sankarasathasivam.m\.m2\repository\org\mockito\mockito-core\5.7.0\mockito-core-5.7.0.jar;C:\Users\sankarasathasivam.m\.m2\repository\net\bytebuddy\byte-buddy-agent\1.14.10\byte-buddy-agent-1.14.10.jar;C:\Users\sankarasathasivam.m\.m2\repository\org\objenesis\objenesis\3.3\objenesis-3.3.jar;C:\Users\sankarasathasivam.m\.m2\repository\org\mockito\mockito-junit-jupiter\5.7.0\mockito-junit-jupiter-5.7.0.jar;C:\Users\sankarasathasivam.m\.m2\repository\org\skyscreamer\jsonassert\1.5.1\jsonassert-1.5.1.jar;C:\Users\sankarasathasivam.m\.m2\repository\com\vaadin\external\google\android-json\0.0.20131108.vaadin1\android-json-0.0.20131108.vaadin1.jar;C:\Users\sankarasathasivam.m\.m2\repository\org\springframework\spring-core\6.1.1\spring-core-6.1.1.jar;C:\Users\sankarasathasivam.m\.m2\repository\org\springframework\spring-jcl\6.1.1\spring-jcl-6.1.1.jar;C:\Users\sankarasathasivam.m\.m2\repository\org\springframework\spring-test\6.1.1\spring-test-6.1.1.jar;C:\Users\sankarasathasivam.m\.m2\repository\org\xmlunit\xmlunit-core\2.9.1\xmlunit-core-2.9.1.jar;C:\Users\sankarasathasivam.m\.m2\repository\org\apache\tomcat\tomcat-jasper\10.1.5\tomcat-jasper-10.1.5.jar;C:\Users\sankarasathasivam.m\.m2\repository\org\apache\tomcat\tomcat-servlet-api\10.1.5\tomcat-servlet-api-10.1.5.jar;C:\Users\sankarasathasivam.m\.m2\repository\org\apache\tomcat\tomcat-juli\10.1.5\tomcat-juli-10.1.5.jar;C:\Users\sankarasathasivam.m\.m2\repository\org\apache\tomcat\tomcat-jsp-api\10.1.16\tomcat-jsp-api-10.1.16.jar;C:\Users\sankarasathasivam.m\.m2\repository\org\apache\tomcat\tomcat-el-api\10.1.5\tomcat-el-api-10.1.5.jar;C:\Users\sankarasathasivam.m\.m2\repository\org\eclipse\jdt\ecj\3.32.0\ecj-3.32.0.jar;C:\Users\sankarasathasivam.m\.m2\repository\org\apache\tomcat\tomcat-jasper-el\10.1.5\tomcat-jasper-el-10.1.5.jar;C:\Users\sankarasathasivam.m\.m2\repository\org\apache\tomcat\tomcat-api\10.1.5\tomcat-api-10.1.5.jar;C:\Users\sankarasathasivam.m\.m2\repository\org\apache\tomcat\tomcat-util-scan\10.1.5\tomcat-util-scan-10.1.5.jar;C:\Users\sankarasathasivam.m\.m2\repository\org\apache\tomcat\tomcat-util\10.1.5\tomcat-util-10.1.5.jar;"/>
    <property name="java.vm.vendor" value="Oracle Corporation"/>
    <property name="sun.arch.data.model" value="64"/>
    <property name="user.variant" value=""/>
    <property name="java.vendor.url" value="https://java.oracle.com/"/>
    <property name="user.timezone" value="Asia/Calcutta"/>
    <property name="org.jboss.logging.provider" value="slf4j"/>
    <property name="os.name" value="Windows 10"/>
    <property name="java.vm.specification.version" value="17"/>
    <property name="sun.java.launcher" value="SUN_STANDARD"/>
    <property name="user.country" value="IN"/>
    <property name="sun.boot.library.path" value="C:\Program Files\Java\jdk-17\bin"/>
    <property name="sun.java.command" value="C:\Users\sankarasathasivam.m\AppData\Local\Temp\surefire17555797834336395528\surefirebooter-20240119143538334_3.jar C:\Users\sankarasathasivam.m\AppData\Local\Temp\surefire17555797834336395528 2024-01-19T14-35-38_047-jvmRun1 surefire-20240119143538334_1tmp surefire_0-20240119143538334_2tmp"/>
    <property name="jdk.debug" value="release"/>
    <property name="surefire.test.class.path" value="F:\Eclipse workspace\SB-MMS-Angular\target\test-classes;F:\Eclipse workspace\SB-MMS-Angular\target\classes;C:\Users\sankarasathasivam.m\.m2\repository\org\springframework\boot\spring-boot-starter-data-jpa\3.2.0\spring-boot-starter-data-jpa-3.2.0.jar;C:\Users\sankarasathasivam.m\.m2\repository\org\springframework\boot\spring-boot-starter-aop\3.2.0\spring-boot-starter-aop-3.2.0.jar;C:\Users\sankarasathasivam.m\.m2\repository\org\springframework\spring-aop\6.1.1\spring-aop-6.1.1.jar;C:\Users\sankarasathasivam.m\.m2\repository\org\aspectj\aspectjweaver\1.9.20.1\aspectjweaver-1.9.20.1.jar;C:\Users\sankarasathasivam.m\.m2\repository\org\springframework\boot\spring-boot-starter-jdbc\3.2.0\spring-boot-starter-jdbc-3.2.0.jar;C:\Users\sankarasathasivam.m\.m2\repository\com\zaxxer\HikariCP\5.0.1\HikariCP-5.0.1.jar;C:\Users\sankarasathasivam.m\.m2\repository\org\springframework\spring-jdbc\6.1.1\spring-jdbc-6.1.1.jar;C:\Users\sankarasathasivam.m\.m2\repository\org\hibernate\orm\hibernate-core\6.3.1.Final\hibernate-core-6.3.1.Final.jar;C:\Users\sankarasathasivam.m\.m2\repository\jakarta\persistence\jakarta.persistence-api\3.1.0\jakarta.persistence-api-3.1.0.jar;C:\Users\sankarasathasivam.m\.m2\repository\jakarta\transaction\jakarta.transaction-api\2.0.1\jakarta.transaction-api-2.0.1.jar;C:\Users\sankarasathasivam.m\.m2\repository\org\jboss\logging\jboss-logging\3.5.3.Final\jboss-logging-3.5.3.Final.jar;C:\Users\sankarasathasivam.m\.m2\repository\org\hibernate\common\hibernate-commons-annotations\6.0.6.Final\hibernate-commons-annotations-6.0.6.Final.jar;C:\Users\sankarasathasivam.m\.m2\repository\io\smallrye\jandex\3.1.2\jandex-3.1.2.jar;C:\Users\sankarasathasivam.m\.m2\repository\com\fasterxml\classmate\1.6.0\classmate-1.6.0.jar;C:\Users\sankarasathasivam.m\.m2\repository\net\bytebuddy\byte-buddy\1.14.10\byte-buddy-1.14.10.jar;C:\Users\sankarasathasivam.m\.m2\repository\org\glassfish\jaxb\jaxb-runtime\4.0.4\jaxb-runtime-4.0.4.jar;C:\Users\sankarasathasivam.m\.m2\repository\org\glassfish\jaxb\jaxb-core\4.0.4\jaxb-core-4.0.4.jar;C:\Users\sankarasathasivam.m\.m2\repository\org\glassfish\jaxb\txw2\4.0.4\txw2-4.0.4.jar;C:\Users\sankarasathasivam.m\.m2\repository\com\sun\istack\istack-commons-runtime\4.1.2\istack-commons-runtime-4.1.2.jar;C:\Users\sankarasathasivam.m\.m2\repository\jakarta\inject\jakarta.inject-api\2.0.1\jakarta.inject-api-2.0.1.jar;C:\Users\sankarasathasivam.m\.m2\repository\org\antlr\antlr4-runtime\4.10.1\antlr4-runtime-4.10.1.jar;C:\Users\sankarasathasivam.m\.m2\repository\org\springframework\data\spring-data-jpa\3.2.0\spring-data-jpa-3.2.0.jar;C:\Users\sankarasathasivam.m\.m2\repository\org\springframework\data\spring-data-commons\3.2.0\spring-data-commons-3.2.0.jar;C:\Users\sankarasathasivam.m\.m2\repository\org\springframework\spring-orm\6.1.1\spring-orm-6.1.1.jar;C:\Users\sankarasathasivam.m\.m2\repository\org\springframework\spring-context\6.1.1\spring-context-6.1.1.jar;C:\Users\sankarasathasivam.m\.m2\repository\org\springframework\spring-tx\6.1.1\spring-tx-6.1.1.jar;C:\Users\sankarasathasivam.m\.m2\repository\org\springframework\spring-beans\6.1.1\spring-beans-6.1.1.jar;C:\Users\sankarasathasivam.m\.m2\repository\org\slf4j\slf4j-api\2.0.9\slf4j-api-2.0.9.jar;C:\Users\sankarasathasivam.m\.m2\repository\org\springframework\spring-aspects\6.1.1\spring-aspects-6.1.1.jar;C:\Users\sankarasathasivam.m\.m2\repository\org\springframework\boot\spring-boot-starter-jersey\3.2.0\spring-boot-starter-jersey-3.2.0.jar;C:\Users\sankarasathasivam.m\.m2\repository\org\springframework\boot\spring-boot-starter-json\3.2.0\spring-boot-starter-json-3.2.0.jar;C:\Users\sankarasathasivam.m\.m2\repository\com\fasterxml\jackson\core\jackson-databind\2.15.3\jackson-databind-2.15.3.jar;C:\Users\sankarasathasivam.m\.m2\repository\com\fasterxml\jackson\core\jackson-core\2.15.3\jackson-core-2.15.3.jar;C:\Users\sankarasathasivam.m\.m2\repository\com\fasterxml\jackson\datatype\jackson-datatype-jdk8\2.15.3\jackson-datatype-jdk8-2.15.3.jar;C:\Users\sankarasathasivam.m\.m2\repository\com\fasterxml\jackson\datatype\jackson-datatype-jsr310\2.15.3\jackson-datatype-jsr310-2.15.3.jar;C:\Users\sankarasathasivam.m\.m2\repository\com\fasterxml\jackson\module\jackson-module-parameter-names\2.15.3\jackson-module-parameter-names-2.15.3.jar;C:\Users\sankarasathasivam.m\.m2\repository\org\springframework\boot\spring-boot-starter-validation\3.2.0\spring-boot-starter-validation-3.2.0.jar;C:\Users\sankarasathasivam.m\.m2\repository\org\hibernate\validator\hibernate-validator\8.0.1.Final\hibernate-validator-8.0.1.Final.jar;C:\Users\sankarasathasivam.m\.m2\repository\org\springframework\spring-web\6.1.1\spring-web-6.1.1.jar;C:\Users\sankarasathasivam.m\.m2\repository\io\micrometer\micrometer-observation\1.12.0\micrometer-observation-1.12.0.jar;C:\Users\sankarasathasivam.m\.m2\repository\io\micrometer\micrometer-commons\1.12.0\micrometer-commons-1.12.0.jar;C:\Users\sankarasathasivam.m\.m2\repository\org\glassfish\jersey\containers\jersey-container-servlet-core\3.1.3\jersey-container-servlet-core-3.1.3.jar;C:\Users\sankarasathasivam.m\.m2\repository\org\glassfish\jersey\core\jersey-common\3.1.3\jersey-common-3.1.3.jar;C:\Users\sankarasathasivam.m\.m2\repository\org\glassfish\hk2\osgi-resource-locator\1.0.3\osgi-resource-locator-1.0.3.jar;C:\Users\sankarasathasivam.m\.m2\repository\jakarta\ws\rs\jakarta.ws.rs-api\3.1.0\jakarta.ws.rs-api-3.1.0.jar;C:\Users\sankarasathasivam.m\.m2\repository\org\glassfish\jersey\containers\jersey-container-servlet\3.1.3\jersey-container-servlet-3.1.3.jar;C:\Users\sankarasathasivam.m\.m2\repository\org\glassfish\jersey\core\jersey-server\3.1.3\jersey-server-3.1.3.jar;C:\Users\sankarasathasivam.m\.m2\repository\org\glassfish\jersey\core\jersey-client\3.1.3\jersey-client-3.1.3.jar;C:\Users\sankarasathasivam.m\.m2\repository\jakarta\validation\jakarta.validation-api\3.0.2\jakarta.validation-api-3.0.2.jar;C:\Users\sankarasathasivam.m\.m2\repository\org\glassfish\jersey\ext\jersey-bean-validation\3.1.3\jersey-bean-validation-3.1.3.jar;C:\Users\sankarasathasivam.m\.m2\repository\org\glassfish\jersey\ext\jersey-spring6\3.1.3\jersey-spring6-3.1.3.jar;C:\Users\sankarasathasivam.m\.m2\repository\org\glassfish\jersey\inject\jersey-hk2\3.1.3\jersey-hk2-3.1.3.jar;C:\Users\sankarasathasivam.m\.m2\repository\org\glassfish\hk2\hk2-locator\3.0.4\hk2-locator-3.0.4.jar;C:\Users\sankarasathasivam.m\.m2\repository\org\glassfish\hk2\external\aopalliance-repackaged\3.0.4\aopalliance-repackaged-3.0.4.jar;C:\Users\sankarasathasivam.m\.m2\repository\org\javassist\javassist\3.29.2-GA\javassist-3.29.2-GA.jar;C:\Users\sankarasathasivam.m\.m2\repository\org\glassfish\hk2\hk2\3.0.4\hk2-3.0.4.jar;C:\Users\sankarasathasivam.m\.m2\repository\org\glassfish\hk2\hk2-utils\3.0.4\hk2-utils-3.0.4.jar;C:\Users\sankarasathasivam.m\.m2\repository\org\glassfish\hk2\hk2-api\3.0.4\hk2-api-3.0.4.jar;C:\Users\sankarasathasivam.m\.m2\repository\org\glassfish\hk2\hk2-core\3.0.4\hk2-core-3.0.4.jar;C:\Users\sankarasathasivam.m\.m2\repository\org\glassfish\hk2\hk2-runlevel\3.0.4\hk2-runlevel-3.0.4.jar;C:\Users\sankarasathasivam.m\.m2\repository\org\glassfish\hk2\class-model\3.0.4\class-model-3.0.4.jar;C:\Users\sankarasathasivam.m\.m2\repository\org\ow2\asm\asm-analysis\9.5\asm-analysis-9.5.jar;C:\Users\sankarasathasivam.m\.m2\repository\org\ow2\asm\asm-commons\9.5\asm-commons-9.5.jar;C:\Users\sankarasathasivam.m\.m2\repository\org\ow2\asm\asm-tree\9.5\asm-tree-9.5.jar;C:\Users\sankarasathasivam.m\.m2\repository\org\ow2\asm\asm-util\9.5\asm-util-9.5.jar;C:\Users\sankarasathasivam.m\.m2\repository\org\glassfish\hk2\spring-bridge\3.0.4\spring-bridge-3.0.4.jar;C:\Users\sankarasathasivam.m\.m2\repository\org\glassfish\jersey\media\jersey-media-json-jackson\3.1.3\jersey-media-json-jackson-3.1.3.jar;C:\Users\sankarasathasivam.m\.m2\repository\org\glassfish\jersey\ext\jersey-entity-filtering\3.1.3\jersey-entity-filtering-3.1.3.jar;C:\Users\sankarasathasivam.m\.m2\repository\com\fasterxml\jackson\core\jackson-annotations\2.15.3\jackson-annotations-2.15.3.jar;C:\Users\sankarasathasivam.m\.m2\repository\com\fasterxml\jackson\module\jackson-module-jakarta-xmlbind-annotations\2.15.3\jackson-module-jakarta-xmlbind-annotations-2.15.3.jar;C:\Users\sankarasathasivam.m\.m2\repository\org\springframework\boot\spring-boot-starter-web\3.2.0\spring-boot-starter-web-3.2.0.jar;C:\Users\sankarasathasivam.m\.m2\repository\org\springframework\boot\spring-boot-starter\3.2.0\spring-boot-starter-3.2.0.jar;C:\Users\sankarasathasivam.m\.m2\repository\org\springframework\boot\spring-boot-starter-logging\3.2.0\spring-boot-starter-logging-3.2.0.jar;C:\Users\sankarasathasivam.m\.m2\repository\ch\qos\logback\logback-classic\1.4.11\logback-classic-1.4.11.jar;C:\Users\sankarasathasivam.m\.m2\repository\ch\qos\logback\logback-core\1.4.11\logback-core-1.4.11.jar;C:\Users\sankarasathasivam.m\.m2\repository\org\apache\logging\log4j\log4j-to-slf4j\2.21.1\log4j-to-slf4j-2.21.1.jar;C:\Users\sankarasathasivam.m\.m2\repository\org\apache\logging\log4j\log4j-api\2.21.1\log4j-api-2.21.1.jar;C:\Users\sankarasathasivam.m\.m2\repository\org\slf4j\jul-to-slf4j\2.0.9\jul-to-slf4j-2.0.9.jar;C:\Users\sankarasathasivam.m\.m2\repository\org\yaml\snakeyaml\2.2\snakeyaml-2.2.jar;C:\Users\sankarasathasivam.m\.m2\repository\org\springframework\spring-webmvc\6.1.1\spring-webmvc-6.1.1.jar;C:\Users\sankarasathasivam.m\.m2\repository\org\springframework\spring-expression\6.1.1\spring-expression-6.1.1.jar;C:\Users\sankarasathasivam.m\.m2\repository\org\springframework\boot\spring-boot-starter-web-services\3.2.0\spring-boot-starter-web-services-3.2.0.jar;C:\Users\sankarasathasivam.m\.m2\repository\com\sun\xml\messaging\saaj\saaj-impl\3.0.3\saaj-impl-3.0.3.jar;C:\Users\sankarasathasivam.m\.m2\repository\jakarta\xml\soap\jakarta.xml.soap-api\3.0.1\jakarta.xml.soap-api-3.0.1.jar;C:\Users\sankarasathasivam.m\.m2\repository\org\jvnet\staxex\stax-ex\2.1.0\stax-ex-2.1.0.jar;C:\Users\sankarasathasivam.m\.m2\repository\jakarta\activation\jakarta.activation-api\2.1.2\jakarta.activation-api-2.1.2.jar;C:\Users\sankarasathasivam.m\.m2\repository\org\eclipse\angus\angus-activation\2.0.1\angus-activation-2.0.1.jar;C:\Users\sankarasathasivam.m\.m2\repository\jakarta\xml\ws\jakarta.xml.ws-api\4.0.1\jakarta.xml.ws-api-4.0.1.jar;C:\Users\sankarasathasivam.m\.m2\repository\org\springframework\spring-oxm\6.1.1\spring-oxm-6.1.1.jar;C:\Users\sankarasathasivam.m\.m2\repository\org\springframework\ws\spring-ws-core\4.0.8\spring-ws-core-4.0.8.jar;C:\Users\sankarasathasivam.m\.m2\repository\org\springframework\ws\spring-xml\4.0.8\spring-xml-4.0.8.jar;C:\Users\sankarasathasivam.m\.m2\repository\org\springframework\boot\spring-boot-devtools\3.2.0\spring-boot-devtools-3.2.0.jar;C:\Users\sankarasathasivam.m\.m2\repository\org\springframework\boot\spring-boot\3.2.0\spring-boot-3.2.0.jar;C:\Users\sankarasathasivam.m\.m2\repository\org\springframework\boot\spring-boot-autoconfigure\3.2.0\spring-boot-autoconfigure-3.2.0.jar;C:\Users\sankarasathasivam.m\.m2\repository\com\h2database\h2\2.2.224\h2-2.2.224.jar;C:\Users\sankarasathasivam.m\.m2\repository\com\mysql\mysql-connector-j\8.1.0\mysql-connector-j-8.1.0.jar;C:\Users\sankarasathasivam.m\.m2\repository\org\springframework\boot\spring-boot-starter-tomcat\3.2.0\spring-boot-starter-tomcat-3.2.0.jar;C:\Users\sankarasathasivam.m\.m2\repository\jakarta\annotation\jakarta.annotation-api\2.1.1\jakarta.annotation-api-2.1.1.jar;C:\Users\sankarasathasivam.m\.m2\repository\org\apache\tomcat\embed\tomcat-embed-core\10.1.16\tomcat-embed-core-10.1.16.jar;C:\Users\sankarasathasivam.m\.m2\repository\org\apache\tomcat\embed\tomcat-embed-el\10.1.16\tomcat-embed-el-10.1.16.jar;C:\Users\sankarasathasivam.m\.m2\repository\org\apache\tomcat\embed\tomcat-embed-websocket\10.1.16\tomcat-embed-websocket-10.1.16.jar;C:\Users\sankarasathasivam.m\.m2\repository\org\springframework\boot\spring-boot-starter-test\3.2.0\spring-boot-starter-test-3.2.0.jar;C:\Users\sankarasathasivam.m\.m2\repository\org\springframework\boot\spring-boot-test\3.2.0\spring-boot-test-3.2.0.jar;C:\Users\sankarasathasivam.m\.m2\repository\org\springframework\boot\spring-boot-test-autoconfigure\3.2.0\spring-boot-test-autoconfigure-3.2.0.jar;C:\Users\sankarasathasivam.m\.m2\repository\com\jayway\jsonpath\json-path\2.8.0\json-path-2.8.0.jar;C:\Users\sankarasathasivam.m\.m2\repository\jakarta\xml\bind\jakarta.xml.bind-api\4.0.1\jakarta.xml.bind-api-4.0.1.jar;C:\Users\sankarasathasivam.m\.m2\repository\net\minidev\json-smart\2.5.0\json-smart-2.5.0.jar;C:\Users\sankarasathasivam.m\.m2\repository\net\minidev\accessors-smart\2.5.0\accessors-smart-2.5.0.jar;C:\Users\sankarasathasivam.m\.m2\repository\org\ow2\asm\asm\9.3\asm-9.3.jar;C:\Users\sankarasathasivam.m\.m2\repository\org\assertj\assertj-core\3.24.2\assertj-core-3.24.2.jar;C:\Users\sankarasathasivam.m\.m2\repository\org\awaitility\awaitility\4.2.0\awaitility-4.2.0.jar;C:\Users\sankarasathasivam.m\.m2\repository\org\hamcrest\hamcrest\2.2\hamcrest-2.2.jar;C:\Users\sankarasathasivam.m\.m2\repository\org\junit\jupiter\junit-jupiter\5.10.1\junit-jupiter-5.10.1.jar;C:\Users\sankarasathasivam.m\.m2\repository\org\junit\jupiter\junit-jupiter-api\5.10.1\junit-jupiter-api-5.10.1.jar;C:\Users\sankarasathasivam.m\.m2\repository\org\opentest4j\opentest4j\1.3.0\opentest4j-1.3.0.jar;C:\Users\sankarasathasivam.m\.m2\repository\org\junit\platform\junit-platform-commons\1.10.1\junit-platform-commons-1.10.1.jar;C:\Users\sankarasathasivam.m\.m2\repository\org\apiguardian\apiguardian-api\1.1.2\apiguardian-api-1.1.2.jar;C:\Users\sankarasathasivam.m\.m2\repository\org\junit\jupiter\junit-jupiter-params\5.10.1\junit-jupiter-params-5.10.1.jar;C:\Users\sankarasathasivam.m\.m2\repository\org\junit\jupiter\junit-jupiter-engine\5.10.1\junit-jupiter-engine-5.10.1.jar;C:\Users\sankarasathasivam.m\.m2\repository\org\junit\platform\junit-platform-engine\1.10.1\junit-platform-engine-1.10.1.jar;C:\Users\sankarasathasivam.m\.m2\repository\org\mockito\mockito-core\5.7.0\mockito-core-5.7.0.jar;C:\Users\sankarasathasivam.m\.m2\repository\net\bytebuddy\byte-buddy-agent\1.14.10\byte-buddy-agent-1.14.10.jar;C:\Users\sankarasathasivam.m\.m2\repository\org\objenesis\objenesis\3.3\objenesis-3.3.jar;C:\Users\sankarasathasivam.m\.m2\repository\org\mockito\mockito-junit-jupiter\5.7.0\mockito-junit-jupiter-5.7.0.jar;C:\Users\sankarasathasivam.m\.m2\repository\org\skyscreamer\jsonassert\1.5.1\jsonassert-1.5.1.jar;C:\Users\sankarasathasivam.m\.m2\repository\com\vaadin\external\google\android-json\0.0.20131108.vaadin1\android-json-0.0.20131108.vaadin1.jar;C:\Users\sankarasathasivam.m\.m2\repository\org\springframework\spring-core\6.1.1\spring-core-6.1.1.jar;C:\Users\sankarasathasivam.m\.m2\repository\org\springframework\spring-jcl\6.1.1\spring-jcl-6.1.1.jar;C:\Users\sankarasathasivam.m\.m2\repository\org\springframework\spring-test\6.1.1\spring-test-6.1.1.jar;C:\Users\sankarasathasivam.m\.m2\repository\org\xmlunit\xmlunit-core\2.9.1\xmlunit-core-2.9.1.jar;C:\Users\sankarasathasivam.m\.m2\repository\org\apache\tomcat\tomcat-jasper\10.1.5\tomcat-jasper-10.1.5.jar;C:\Users\sankarasathasivam.m\.m2\repository\org\apache\tomcat\tomcat-servlet-api\10.1.5\tomcat-servlet-api-10.1.5.jar;C:\Users\sankarasathasivam.m\.m2\repository\org\apache\tomcat\tomcat-juli\10.1.5\tomcat-juli-10.1.5.jar;C:\Users\sankarasathasivam.m\.m2\repository\org\apache\tomcat\tomcat-jsp-api\10.1.16\tomcat-jsp-api-10.1.16.jar;C:\Users\sankarasathasivam.m\.m2\repository\org\apache\tomcat\tomcat-el-api\10.1.5\tomcat-el-api-10.1.5.jar;C:\Users\sankarasathasivam.m\.m2\repository\org\eclipse\jdt\ecj\3.32.0\ecj-3.32.0.jar;C:\Users\sankarasathasivam.m\.m2\repository\org\apache\tomcat\tomcat-jasper-el\10.1.5\tomcat-jasper-el-10.1.5.jar;C:\Users\sankarasathasivam.m\.m2\repository\org\apache\tomcat\tomcat-api\10.1.5\tomcat-api-10.1.5.jar;C:\Users\sankarasathasivam.m\.m2\repository\org\apache\tomcat\tomcat-util-scan\10.1.5\tomcat-util-scan-10.1.5.jar;C:\Users\sankarasathasivam.m\.m2\repository\org\apache\tomcat\tomcat-util\10.1.5\tomcat-util-10.1.5.jar;"/>
    <property name="sun.cpu.endian" value="little"/>
    <property name="user.home" value="C:\Users\sankarasathasivam.m"/>
    <property name="user.language" value="en"/>
    <property name="java.specification.vendor" value="Oracle Corporation"/>
    <property name="java.version.date" value="2023-10-17"/>
    <property name="java.home" value="C:\Program Files\Java\jdk-17"/>
    <property name="file.separator" value="\"/>
    <property name="basedir" value="F:\Eclipse workspace\SB-MMS-Angular"/>
    <property name="java.vm.compressedOopsMode" value="Zero based"/>
    <property name="line.separator" value="&#10;"/>
    <property name="java.vm.specification.vendor" value="Oracle Corporation"/>
    <property name="java.specification.name" value="Java Platform API Specification"/>
    <property name="FILE_LOG_CHARSET" value="windows-1252"/>
    <property name="java.awt.headless" value="true"/>
    <property name="surefire.real.class.path" value="C:\Users\sankarasathasivam.m\AppData\Local\Temp\surefire17555797834336395528\surefirebooter-20240119143538334_3.jar"/>
    <property name="user.script" value=""/>
    <property name="sun.management.compiler" value="HotSpot 64-Bit Tiered Compilers"/>
    <property name="java.runtime.version" value="17.0.9+11-LTS-201"/>
    <property name="user.name" value="sankarasathasivam.m"/>
    <property name="path.separator" value=";"/>
    <property name="os.version" value="10.0"/>
    <property name="java.runtime.name" value="Java(TM) SE Runtime Environment"/>
    <property name="file.encoding" value="Cp1252"/>
    <property name="java.vm.name" value="Java HotSpot(TM) 64-Bit Server VM"/>
    <property name="localRepository" value="C:\Users\sankarasathasivam.m\.m2\repository"/>
    <property name="java.vendor.url.bug" value="https://bugreport.java.com/bugreport/"/>
    <property name="java.io.tmpdir" value="C:\Users\SANKAR~1.M\AppData\Local\Temp\"/>
    <property name="com.zaxxer.hikari.pool_number" value="1"/>
    <property name="java.version" value="17.0.9"/>
    <property name="user.dir" value="F:\Eclipse workspace\SB-MMS-Angular"/>
    <property name="os.arch" value="amd64"/>
    <property name="java.vm.specification.name" value="Java Virtual Machine Specification"/>
    <property name="PID" value="22768"/>
    <property name="sun.os.patch.level" value=""/>
    <property name="CONSOLE_LOG_CHARSET" value="windows-1252"/>
    <property name="native.encoding" value="Cp1252"/>
    <property name="sonar.projectKey" value="MMS-Sonar-Project"/>
    <property name="java.library.path" value="C:\Program Files\Java\jdk-17\bin;C:\Windows\Sun\Java\bin;C:\Windows\system32;C:\Windows;C:\Program Files\Common Files\Oracle\Java\javapath;C:\Users\sankarasathasivam.m\AppData\Roaming\npm;C:\Program Files\nodejs\;C:\Windows\System32;F:\apache-maven-3.9.6-bin\apache-maven-3.9.6\bin;;C:\Program Files\Docker\Docker\resources\bin;C:\Users\sankarasathasivam.m\AppData\Local\Microsoft\WindowsApps;C:\Users\sankarasathasivam.m\AppData\Roaming\npm;C:\Users\sankarasathasivam.m\AppData\Local\Microsoft\WindowsApps;&quot;C:\Program Files\Common Files\Oracle\Java\javapath;C:\Users\sankarasathasivam.m\AppData\Roaming\npm;C:\Program Files\nodejs\;C:\Windows\System32;F:\apache-maven-3.9.6-bin\apache-maven-3.9.6\bin;;C:\Program Files\Docker\Docker\resources\bin;C:\Windows\Sysnative&quot;;;."/>
    <property name="java.vm.info" value="mixed mode, sharing"/>
    <property name="java.vendor" value="Oracle Corporation"/>
    <property name="java.vm.version" value="17.0.9+11-LTS-201"/>
    <property name="sun.io.unicode.encoding" value="UnicodeLittle"/>
    <property name="java.class.version" value="61.0"/>
  </properties>
  <testcase name="contextLoads" classname="com.mms.SbMmsAngularApplicationTests" time="0.848">
    <system-out><![CDATA[14:35:39.808 [main] INFO org.springframework.test.context.support.AnnotationConfigContextLoaderUtils -- Could not detect default configuration classes for test class [com.mms.SbMmsAngularApplicationTests]: SbMmsAngularApplicationTests does not declare any static, non-private, non-final, nested classes annotated with @Configuration.
14:35:39.939 [main] INFO org.springframework.boot.test.context.SpringBootTestContextBootstrapper -- Found @SpringBootConfiguration com.mms.SbMmsAngularApplication for test class com.mms.SbMmsAngularApplicationTests
14:35:40.172 [main] INFO org.springframework.boot.devtools.restart.RestartApplicationListener -- Restart disabled due to context in which it is running

  .   ____          _            __ _ _
 /\\ / ___'_ __ _ _(_)_ __  __ _ \ \ \ \
( ( )\___ | '_ | '_| | '_ \/ _` | \ \ \ \
 \\/  ___)| |_)| | | | | || (_| |  ) ) ) )
  '  |____| .__|_| |_|_| |_\__, | / / / /
 =========|_|==============|___/=/_/_/_/
 :: Spring Boot ::                (v3.2.0)

2024-01-19T14:35:40.534+05:30  INFO 22768 --- [           main] com.mms.SbMmsAngularApplicationTests     : Starting SbMmsAngularApplicationTests using Java 17.0.9 with PID 22768 (started by sankarasathasivam.m in F:\Eclipse workspace\SB-MMS-Angular)
2024-01-19T14:35:40.536+05:30  INFO 22768 --- [           main] com.mms.SbMmsAngularApplicationTests     : No active profile set, falling back to 1 default profile: "default"
2024-01-19T14:35:41.535+05:30  INFO 22768 --- [           main] .s.d.r.c.RepositoryConfigurationDelegate : Bootstrapping Spring Data JPA repositories in DEFAULT mode.
2024-01-19T14:35:41.614+05:30  INFO 22768 --- [           main] .s.d.r.c.RepositoryConfigurationDelegate : Finished Spring Data repository scanning in 67 ms. Found 1 JPA repository interface.
2024-01-19T14:35:42.031+05:30  WARN 22768 --- [           main] trationDelegate$BeanPostProcessorChecker : Bean 'org.springframework.ws.config.annotation.DelegatingWsConfiguration' of type [org.springframework.ws.config.annotation.DelegatingWsConfiguration$$SpringCGLIB$$0] is not eligible for getting processed by all BeanPostProcessors (for example: not eligible for auto-proxying). The currently created BeanPostProcessor [annotationActionEndpointMapping] is declared through a non-static factory method on that class; consider declaring it as static instead.
2024-01-19T14:35:42.083+05:30  INFO 22768 --- [           main] .w.s.a.s.AnnotationActionEndpointMapping : Supporting [WS-Addressing August 2004, WS-Addressing 1.0]
2024-01-19T14:35:42.383+05:30  INFO 22768 --- [           main] o.hibernate.jpa.internal.util.LogHelper  : HHH000204: Processing PersistenceUnitInfo [name: default]
2024-01-19T14:35:42.481+05:30  INFO 22768 --- [           main] org.hibernate.Version                    : HHH000412: Hibernate ORM core version 6.3.1.Final
2024-01-19T14:35:42.541+05:30  INFO 22768 --- [           main] o.h.c.internal.RegionFactoryInitiator    : HHH000026: Second-level cache disabled
2024-01-19T14:35:43.004+05:30  INFO 22768 --- [           main] o.s.o.j.p.SpringPersistenceUnitInfo      : No LoadTimeWeaver setup: ignoring JPA class transformer
2024-01-19T14:35:43.051+05:30  INFO 22768 --- [           main] com.zaxxer.hikari.HikariDataSource       : HikariPool-1 - Starting...
2024-01-19T14:35:43.475+05:30  INFO 22768 --- [           main] com.zaxxer.hikari.pool.HikariPool        : HikariPool-1 - Added connection com.mysql.cj.jdbc.ConnectionImpl@32e830a0
2024-01-19T14:35:43.479+05:30  INFO 22768 --- [           main] com.zaxxer.hikari.HikariDataSource       : HikariPool-1 - Start completed.
2024-01-19T14:35:44.559+05:30  INFO 22768 --- [           main] o.h.e.t.j.p.i.JtaPlatformInitiator       : HHH000489: No JTA platform available (set 'hibernate.transaction.jta.platform' to enable JTA platform integration)
2024-01-19T14:35:44.615+05:30  INFO 22768 --- [           main] j.LocalContainerEntityManagerFactoryBean : Initialized JPA EntityManagerFactory for persistence unit 'default'
2024-01-19T14:35:45.216+05:30  WARN 22768 --- [           main] JpaBaseConfiguration$JpaWebConfiguration : spring.jpa.open-in-view is enabled by default. Therefore, database queries may be performed during view rendering. Explicitly configure spring.jpa.open-in-view to disable this warning
2024-01-19T14:35:45.776+05:30  INFO 22768 --- [           main] com.mms.SbMmsAngularApplicationTests     : Started SbMmsAngularApplicationTests in 5.626 seconds (process running for 7.128)
]]></system-out>
  </testcase>
</testsuite>